<?xml version="1.0" encoding="UTF-8"?>
<testng-results skipped="0" failed="1" total="2" passed="1">
  <reporter-output>
    <line>
      <![CDATA[<a href="D:\MOnitor\Monitor4\RoomManagerAutomation\RoomManagerAutomation/screenshots/CreateResource.png"><img src="file:///D:\MOnitor\Monitor4\RoomManagerAutomation\RoomManagerAutomation/screenshots/CreateResource.png" alt=""height='100' width='100'/> <br />]]>
    </line>
  </reporter-output>
  <suite name="Resources_Test_Suite" duration-ms="20765" started-at="2015-06-15T13:47:14Z" finished-at="2015-06-15T13:47:34Z">
    <groups>
    </groups>
    <test name="RoomManager" duration-ms="20765" started-at="2015-06-15T13:47:14Z" finished-at="2015-06-15T13:47:34Z">
      <class name="org.room.manager.tests.admin.resources.AnErroMessageIsDisplayedWhenAResourceWithoutNameIsAdded">
        <test-method status="PASS" signature="setUp()[pri:0, instance:org.room.manager.tests.admin.resources.AnErroMessageIsDisplayedWhenAResourceWithoutNameIsAdded@3213ad]" name="setUp" is-config="true" duration-ms="12066" started-at="2015-06-15T09:47:01Z" finished-at="2015-06-15T09:47:13Z">
          <reporter-output>
          </reporter-output>
        </test-method> <!-- setUp -->
        <test-method status="PASS" signature="setUp()[pri:0, instance:org.room.manager.tests.admin.resources.CreateResourceTest@1bc6271]" name="setUp" is-config="true" duration-ms="125" started-at="2015-06-15T09:47:13Z" finished-at="2015-06-15T09:47:14Z">
          <reporter-output>
          </reporter-output>
        </test-method> <!-- setUp -->
        <test-method status="PASS" signature="ResourceWithoutNameIsAdded()[pri:0, instance:org.room.manager.tests.admin.resources.AnErroMessageIsDisplayedWhenAResourceWithoutNameIsAdded@3213ad]" name="ResourceWithoutNameIsAdded" duration-ms="15871" started-at="2015-06-15T09:47:14Z" finished-at="2015-06-15T09:47:30Z">
          <reporter-output>
          </reporter-output>
        </test-method> <!-- ResourceWithoutNameIsAdded -->
        <test-method status="PASS" signature="tearDown()[pri:0, instance:org.room.manager.tests.admin.resources.AnErroMessageIsDisplayedWhenAResourceWithoutNameIsAdded@3213ad]" name="tearDown" is-config="true" duration-ms="1375" started-at="2015-06-15T09:47:34Z" finished-at="2015-06-15T09:47:36Z">
          <reporter-output>
          </reporter-output>
        </test-method> <!-- tearDown -->
        <test-method status="PASS" signature="tearDown()[pri:0, instance:org.room.manager.tests.admin.resources.CreateResourceTest@1bc6271]" name="tearDown" is-config="true" duration-ms="46" started-at="2015-06-15T09:47:36Z" finished-at="2015-06-15T09:47:36Z">
          <reporter-output>
          </reporter-output>
        </test-method> <!-- tearDown -->
      </class> <!-- org.room.manager.tests.admin.resources.AnErroMessageIsDisplayedWhenAResourceWithoutNameIsAdded -->
      <class name="org.room.manager.tests.admin.resources.CreateResourceTest">
        <test-method status="FAIL" signature="CreateResource()[pri:0, instance:org.room.manager.tests.admin.resources.CreateResourceTest@1bc6271]" name="CreateResource" duration-ms="4419" started-at="2015-06-15T09:47:30Z" finished-at="2015-06-15T09:47:34Z">
          <exception class="org.openqa.selenium.NoSuchElementException">
            <message>
              <![CDATA[no such element
  (Session info: chrome=40.0.2214.111)
  (Driver info: chromedriver=2.14.313457 (3d645c400edf2e2c500566c9aa096063e707c9cf),platform=Windows NT 6.3 x86_64) (WARNING: The server did not provide any stacktrace information)
Command duration or timeout: 41 milliseconds
For documentation on this error, please visit: http://seleniumhq.org/exceptions/no_such_element.html
Build info: version: '2.45.0', revision: '5017cb8', time: '2015-02-26 23:59:50'
System info: host: 'VDQADEV01-NNDUU', ip: '172.20.200.215', os.name: 'Windows Server 2012 R2', os.arch: 'x86', os.version: '6.3', java.version: '1.7.0_80-ea'
*** Element info: {Using=xpath, value=//div[@id='resourcesGrid']/div[2]/div/div[2]/div[3]/div[2]/div/span}
Session ID: 1d63650b372002f03596b6aba729bc1d
Driver info: org.openqa.selenium.chrome.ChromeDriver
Capabilities [{platform=WIN8_1, acceptSslCerts=true, javascriptEnabled=true, browserName=chrome, chrome={userDataDir=C:\Users\MILENC~1\AppData\Local\Temp\2\scoped_dir14964_512}, rotatable=false, locationContextEnabled=true, mobileEmulationEnabled=false, version=40.0.2214.111, takesHeapSnapshot=true, cssSelectorsEnabled=true, databaseEnabled=false, handlesAlerts=true, browserConnectionEnabled=false, webStorageEnabled=true, nativeEvents=true, applicationCacheEnabled=false, takesScreenshot=true}]]]>
            </message>
            <full-stacktrace>
              <![CDATA[org.openqa.selenium.NoSuchElementException: no such element
  (Session info: chrome=40.0.2214.111)
  (Driver info: chromedriver=2.14.313457 (3d645c400edf2e2c500566c9aa096063e707c9cf),platform=Windows NT 6.3 x86_64) (WARNING: The server did not provide any stacktrace information)
Command duration or timeout: 41 milliseconds
For documentation on this error, please visit: http://seleniumhq.org/exceptions/no_such_element.html
Build info: version: '2.45.0', revision: '5017cb8', time: '2015-02-26 23:59:50'
System info: host: 'VDQADEV01-NNDUU', ip: '172.20.200.215', os.name: 'Windows Server 2012 R2', os.arch: 'x86', os.version: '6.3', java.version: '1.7.0_80-ea'
*** Element info: {Using=xpath, value=//div[@id='resourcesGrid']/div[2]/div/div[2]/div[3]/div[2]/div/span}
Session ID: 1d63650b372002f03596b6aba729bc1d
Driver info: org.openqa.selenium.chrome.ChromeDriver
Capabilities [{platform=WIN8_1, acceptSslCerts=true, javascriptEnabled=true, browserName=chrome, chrome={userDataDir=C:\Users\MILENC~1\AppData\Local\Temp\2\scoped_dir14964_512}, rotatable=false, locationContextEnabled=true, mobileEmulationEnabled=false, version=40.0.2214.111, takesHeapSnapshot=true, cssSelectorsEnabled=true, databaseEnabled=false, handlesAlerts=true, browserConnectionEnabled=false, webStorageEnabled=true, nativeEvents=true, applicationCacheEnabled=false, takesScreenshot=true}]
	at sun.reflect.NativeConstructorAccessorImpl.newInstance0(Native Method)
	at sun.reflect.NativeConstructorAccessorImpl.newInstance(Unknown Source)
	at sun.reflect.DelegatingConstructorAccessorImpl.newInstance(Unknown Source)
	at java.lang.reflect.Constructor.newInstance(Unknown Source)
	at org.openqa.selenium.remote.ErrorHandler.createThrowable(ErrorHandler.java:204)
	at org.openqa.selenium.remote.ErrorHandler.throwIfResponseFailed(ErrorHandler.java:156)
	at org.openqa.selenium.remote.RemoteWebDriver.execute(RemoteWebDriver.java:599)
	at org.openqa.selenium.remote.RemoteWebDriver.findElement(RemoteWebDriver.java:352)
	at org.openqa.selenium.remote.RemoteWebDriver.findElementByXPath(RemoteWebDriver.java:449)
	at org.openqa.selenium.By$ByXPath.findElement(By.java:357)
	at org.openqa.selenium.remote.RemoteWebDriver.findElement(RemoteWebDriver.java:344)
	at org.room.manager.pages.admin.resources.ResourceCreatePage.AssertCreateResource(ResourceCreatePage.java:74)
	at org.room.manager.tests.admin.resources.CreateResourceTest.CreateResource(CreateResourceTest.java:52)
	at sun.reflect.NativeMethodAccessorImpl.invoke0(Native Method)
	at sun.reflect.NativeMethodAccessorImpl.invoke(Unknown Source)
	at sun.reflect.DelegatingMethodAccessorImpl.invoke(Unknown Source)
	at java.lang.reflect.Method.invoke(Unknown Source)
	at org.testng.internal.MethodInvocationHelper.invokeMethod(MethodInvocationHelper.java:84)
	at org.testng.internal.Invoker.invokeMethod(Invoker.java:714)
	at org.testng.internal.Invoker.invokeTestMethod(Invoker.java:901)
	at org.testng.internal.Invoker.invokeTestMethods(Invoker.java:1231)
	at org.testng.internal.TestMethodWorker.invokeTestMethods(TestMethodWorker.java:127)
	at org.testng.internal.TestMethodWorker.run(TestMethodWorker.java:111)
	at org.testng.TestRunner.privateRun(TestRunner.java:767)
	at org.testng.TestRunner.run(TestRunner.java:617)
	at org.testng.SuiteRunner.runTest(SuiteRunner.java:334)
	at org.testng.SuiteRunner.runSequentially(SuiteRunner.java:329)
	at org.testng.SuiteRunner.privateRun(SuiteRunner.java:291)
	at org.testng.SuiteRunner.run(SuiteRunner.java:240)
	at org.testng.SuiteRunnerWorker.runSuite(SuiteRunnerWorker.java:52)
	at org.testng.SuiteRunnerWorker.run(SuiteRunnerWorker.java:86)
	at org.testng.TestNG.runSuitesSequentially(TestNG.java:1224)
	at org.testng.TestNG.runSuitesLocally(TestNG.java:1149)
	at org.testng.TestNG.run(TestNG.java:1057)
	at org.testng.remote.RemoteTestNG.run(RemoteTestNG.java:111)
	at org.testng.remote.RemoteTestNG.initAndRun(RemoteTestNG.java:204)
	at org.testng.remote.RemoteTestNG.main(RemoteTestNG.java:175)
]]>
            </full-stacktrace>
          </exception> <!-- org.openqa.selenium.NoSuchElementException -->
          <reporter-output>
            <line>
              <![CDATA[<a href="D:\MOnitor\Monitor4\RoomManagerAutomation\RoomManagerAutomation/screenshots/CreateResource.png"><img src="file:///D:\MOnitor\Monitor4\RoomManagerAutomation\RoomManagerAutomation/screenshots/CreateResource.png" alt=""height='100' width='100'/> <br />]]>
            </line>
          </reporter-output>
        </test-method> <!-- CreateResource -->
      </class> <!-- org.room.manager.tests.admin.resources.CreateResourceTest -->
    </test> <!-- RoomManager -->
  </suite> <!-- Resources_Test_Suite -->
</testng-results>
