<?xml version="1.0" encoding="UTF-8"?>
<testng-results skipped="0" failed="0" total="1" passed="1">
  <reporter-output>
  </reporter-output>
  <suite name="Resources_Test_Suite" duration-ms="13255" started-at="2015-06-11T22:27:34Z" finished-at="2015-06-11T22:27:47Z">
    <groups>
    </groups>
    <test name="RoomManager" duration-ms="13255" started-at="2015-06-11T22:27:34Z" finished-at="2015-06-11T22:27:47Z">
      <class name="org.room.manager.tests.admin.resources.AnErroMessageIsDisplayedWhenAResourceWithoutNameIsAdded">
        <test-method status="PASS" signature="setUp()[pri:0, instance:org.room.manager.tests.admin.resources.AnErroMessageIsDisplayedWhenAResourceWithoutNameIsAdded@c5564e]" name="setUp" is-config="true" duration-ms="3787" started-at="2015-06-11T18:27:34Z" finished-at="2015-06-11T18:27:37Z">
          <reporter-output>
          </reporter-output>
        </test-method> <!-- setUp -->
        <test-method status="PASS" signature="registerEmailService()[pri:0, instance:org.room.manager.tests.admin.resources.AnErroMessageIsDisplayedWhenAResourceWithoutNameIsAdded@c5564e]" name="registerEmailService" duration-ms="8092" started-at="2015-06-11T18:27:37Z" finished-at="2015-06-11T18:27:45Z">
          <reporter-output>
          </reporter-output>
        </test-method> <!-- registerEmailService -->
        <test-method status="PASS" signature="tearDown()[pri:0, instance:org.room.manager.tests.admin.resources.AnErroMessageIsDisplayedWhenAResourceWithoutNameIsAdded@c5564e]" name="tearDown" is-config="true" duration-ms="1338" started-at="2015-06-11T18:27:45Z" finished-at="2015-06-11T18:27:47Z">
          <reporter-output>
          </reporter-output>
        </test-method> <!-- tearDown -->
      </class> <!-- org.room.manager.tests.admin.resources.AnErroMessageIsDisplayedWhenAResourceWithoutNameIsAdded -->
    </test> <!-- RoomManager -->
  </suite> <!-- Resources_Test_Suite -->
</testng-results>
