<?xml version="1.0" encoding="UTF-8"?>
<testng-results skipped="0" failed="1" total="6" passed="5">
  <reporter-output>
  </reporter-output>
  <suite name="EmailServer_Test_Suite" duration-ms="12363" started-at="2015-06-19T22:43:17Z" finished-at="2015-06-19T22:43:29Z">
    <groups>
      <group name="ACCEPTANCE">
        <method signature="AddEmailServerToRoomManager.registerEmailService()[pri:0, instance:org.room.manager.tests.admin.emailserver.AddEmailServerToRoomManager@9f624a]" name="registerEmailService" class="org.room.manager.tests.admin.emailserver.AddEmailServerToRoomManager"/>
        <method signature="RemoveEmailServerToRoomManager$AddEmailServerToRoomManager.removeEmailService()[pri:0, instance:org.room.manager.tests.admin.emailserver.RemoveEmailServerToRoomManager$AddEmailServerToRoomManager@1bef24f]" name="removeEmailService" class="org.room.manager.tests.admin.emailserver.RemoveEmailServerToRoomManager$AddEmailServerToRoomManager"/>
      </group> <!-- ACCEPTANCE -->
    </groups>
    <test name="RoomManager" duration-ms="12363" started-at="2015-06-19T22:43:17Z" finished-at="2015-06-19T22:43:29Z">
      <class name="org.room.manager.tests.admin.emailserver.AddEmailServerToRoomManager">
        <test-method status="PASS" signature="setUp()[pri:0, instance:org.room.manager.tests.admin.emailserver.AddEmailServerToRoomManager@9f624a]" name="setUp" is-config="true" duration-ms="10539" started-at="2015-06-19T18:43:03Z" finished-at="2015-06-19T18:43:13Z">
          <reporter-output>
          </reporter-output>
        </test-method> <!-- setUp -->
        <test-method status="PASS" signature="setUp()[pri:0, instance:org.room.manager.tests.admin.emailserver.RemoveEmailServerToRoomManager$AddEmailServerToRoomManager@1bef24f]" name="setUp" is-config="true" duration-ms="3756" started-at="2015-06-19T18:43:13Z" finished-at="2015-06-19T18:43:17Z">
          <reporter-output>
          </reporter-output>
        </test-method> <!-- setUp -->
        <test-method status="FAIL" signature="registerEmailService()[pri:0, instance:org.room.manager.tests.admin.emailserver.AddEmailServerToRoomManager@9f624a]" name="registerEmailService" duration-ms="2510" started-at="2015-06-19T18:43:27Z" finished-at="2015-06-19T18:43:29Z">
          <exception class="org.openqa.selenium.NoSuchElementException">
            <message>
              <![CDATA[no such element
  (Session info: chrome=40.0.2214.111)
  (Driver info: chromedriver=2.14.313457 (3d645c400edf2e2c500566c9aa096063e707c9cf),platform=Windows NT 6.3 x86_64) (WARNING: The server did not provide any stacktrace information)
Command duration or timeout: 42 milliseconds
For documentation on this error, please visit: http://seleniumhq.org/exceptions/no_such_element.html
Build info: version: '2.45.0', revision: '5017cb8', time: '2015-02-26 23:59:50'
System info: host: 'VDQADEV01-NNDUU', ip: '172.20.200.215', os.name: 'Windows Server 2012 R2', os.arch: 'x86', os.version: '6.3', java.version: '1.7.0_80-ea'
*** Element info: {Using=id, value=add-mailserver-hostname}
Session ID: 76177ca064f0e04ed0aa78725bc8d475
Driver info: org.openqa.selenium.chrome.ChromeDriver
Capabilities [{platform=WIN8_1, acceptSslCerts=true, javascriptEnabled=true, browserName=chrome, chrome={userDataDir=C:\Users\MILENC~1\AppData\Local\Temp\2\scoped_dir29596_8127}, rotatable=false, locationContextEnabled=true, mobileEmulationEnabled=false, version=40.0.2214.111, takesHeapSnapshot=true, cssSelectorsEnabled=true, databaseEnabled=false, handlesAlerts=true, browserConnectionEnabled=false, webStorageEnabled=true, nativeEvents=true, applicationCacheEnabled=false, takesScreenshot=true}]]]>
            </message>
            <full-stacktrace>
              <![CDATA[org.openqa.selenium.NoSuchElementException: no such element
  (Session info: chrome=40.0.2214.111)
  (Driver info: chromedriver=2.14.313457 (3d645c400edf2e2c500566c9aa096063e707c9cf),platform=Windows NT 6.3 x86_64) (WARNING: The server did not provide any stacktrace information)
Command duration or timeout: 42 milliseconds
For documentation on this error, please visit: http://seleniumhq.org/exceptions/no_such_element.html
Build info: version: '2.45.0', revision: '5017cb8', time: '2015-02-26 23:59:50'
System info: host: 'VDQADEV01-NNDUU', ip: '172.20.200.215', os.name: 'Windows Server 2012 R2', os.arch: 'x86', os.version: '6.3', java.version: '1.7.0_80-ea'
*** Element info: {Using=id, value=add-mailserver-hostname}
Session ID: 76177ca064f0e04ed0aa78725bc8d475
Driver info: org.openqa.selenium.chrome.ChromeDriver
Capabilities [{platform=WIN8_1, acceptSslCerts=true, javascriptEnabled=true, browserName=chrome, chrome={userDataDir=C:\Users\MILENC~1\AppData\Local\Temp\2\scoped_dir29596_8127}, rotatable=false, locationContextEnabled=true, mobileEmulationEnabled=false, version=40.0.2214.111, takesHeapSnapshot=true, cssSelectorsEnabled=true, databaseEnabled=false, handlesAlerts=true, browserConnectionEnabled=false, webStorageEnabled=true, nativeEvents=true, applicationCacheEnabled=false, takesScreenshot=true}]
	at sun.reflect.NativeConstructorAccessorImpl.newInstance0(Native Method)
	at sun.reflect.NativeConstructorAccessorImpl.newInstance(Unknown Source)
	at sun.reflect.DelegatingConstructorAccessorImpl.newInstance(Unknown Source)
	at java.lang.reflect.Constructor.newInstance(Unknown Source)
	at org.openqa.selenium.remote.ErrorHandler.createThrowable(ErrorHandler.java:204)
	at org.openqa.selenium.remote.ErrorHandler.throwIfResponseFailed(ErrorHandler.java:156)
	at org.openqa.selenium.remote.RemoteWebDriver.execute(RemoteWebDriver.java:599)
	at org.openqa.selenium.remote.RemoteWebDriver.findElement(RemoteWebDriver.java:352)
	at org.openqa.selenium.remote.RemoteWebDriver.findElementById(RemoteWebDriver.java:393)
	at org.openqa.selenium.By$ById.findElement(By.java:214)
	at org.openqa.selenium.remote.RemoteWebDriver.findElement(RemoteWebDriver.java:344)
	at org.room.manager.pages.admin.emailserver.EmailServerAddPage.txt_Hostname(EmailServerAddPage.java:36)
	at org.room.manager.tests.admin.emailserver.AddEmailServerToRoomManager.registerEmailService(AddEmailServerToRoomManager.java:45)
	at sun.reflect.NativeMethodAccessorImpl.invoke0(Native Method)
	at sun.reflect.NativeMethodAccessorImpl.invoke(Unknown Source)
	at sun.reflect.DelegatingMethodAccessorImpl.invoke(Unknown Source)
	at java.lang.reflect.Method.invoke(Unknown Source)
	at org.testng.internal.MethodInvocationHelper.invokeMethod(MethodInvocationHelper.java:84)
	at org.testng.internal.Invoker.invokeMethod(Invoker.java:714)
	at org.testng.internal.Invoker.invokeTestMethod(Invoker.java:901)
	at org.testng.internal.Invoker.invokeTestMethods(Invoker.java:1231)
	at org.testng.internal.TestMethodWorker.invokeTestMethods(TestMethodWorker.java:127)
	at org.testng.internal.TestMethodWorker.run(TestMethodWorker.java:111)
	at org.testng.TestRunner.privateRun(TestRunner.java:767)
	at org.testng.TestRunner.run(TestRunner.java:617)
	at org.testng.SuiteRunner.runTest(SuiteRunner.java:334)
	at org.testng.SuiteRunner.runSequentially(SuiteRunner.java:329)
	at org.testng.SuiteRunner.privateRun(SuiteRunner.java:291)
	at org.testng.SuiteRunner.run(SuiteRunner.java:240)
	at org.testng.SuiteRunnerWorker.runSuite(SuiteRunnerWorker.java:52)
	at org.testng.SuiteRunnerWorker.run(SuiteRunnerWorker.java:86)
	at org.testng.TestNG.runSuitesSequentially(TestNG.java:1224)
	at org.testng.TestNG.runSuitesSequentially(TestNG.java:1220)
	at org.testng.TestNG.runSuitesLocally(TestNG.java:1149)
	at org.testng.TestNG.run(TestNG.java:1057)
	at org.testng.remote.RemoteTestNG.run(RemoteTestNG.java:111)
	at org.testng.remote.RemoteTestNG.initAndRun(RemoteTestNG.java:204)
	at org.testng.remote.RemoteTestNG.main(RemoteTestNG.java:175)
]]>
            </full-stacktrace>
          </exception> <!-- org.openqa.selenium.NoSuchElementException -->
          <reporter-output>
          </reporter-output>
        </test-method> <!-- registerEmailService -->
        <test-method status="PASS" signature="tearDown()[pri:0, instance:org.room.manager.tests.admin.emailserver.AddEmailServerToRoomManager@9f624a]" name="tearDown" is-config="true" duration-ms="1880" started-at="2015-06-19T18:43:29Z" finished-at="2015-06-19T18:43:31Z">
          <reporter-output>
          </reporter-output>
        </test-method> <!-- tearDown -->
        <test-method status="PASS" signature="tearDown()[pri:0, instance:org.room.manager.tests.admin.emailserver.RemoveEmailServerToRoomManager$AddEmailServerToRoomManager@1bef24f]" name="tearDown" is-config="true" duration-ms="19" started-at="2015-06-19T18:43:31Z" finished-at="2015-06-19T18:43:31Z">
          <reporter-output>
          </reporter-output>
        </test-method> <!-- tearDown -->
      </class> <!-- org.room.manager.tests.admin.emailserver.AddEmailServerToRoomManager -->
      <class name="org.room.manager.tests.admin.emailserver.RemoveEmailServerToRoomManager$AddEmailServerToRoomManager">
        <test-method status="PASS" signature="removeEmailService()[pri:0, instance:org.room.manager.tests.admin.emailserver.RemoveEmailServerToRoomManager$AddEmailServerToRoomManager@1bef24f]" name="removeEmailService" duration-ms="9802" started-at="2015-06-19T18:43:17Z" finished-at="2015-06-19T18:43:27Z">
          <reporter-output>
          </reporter-output>
        </test-method> <!-- removeEmailService -->
      </class> <!-- org.room.manager.tests.admin.emailserver.RemoveEmailServerToRoomManager$AddEmailServerToRoomManager -->
    </test> <!-- RoomManager -->
  </suite> <!-- EmailServer_Test_Suite -->
  <suite name="Room Manager - All Suites" duration-ms="0" started-at="2015-06-19T22:44:14Z" finished-at="2015-06-19T22:44:14Z">
    <groups>
    </groups>
  </suite> <!-- Room Manager - All Suites -->
  <suite name="Resources_Test_Suite" duration-ms="26360" started-at="2015-06-19T22:43:46Z" finished-at="2015-06-19T22:44:12Z">
    <groups>
      <group name="ACCEPTANCE">
        <method signature="AnErroMessageIsDisplayedWhenAResourceWithoutNameIsAdded.ResourceWithoutNameIsAdded()[pri:0, instance:org.room.manager.tests.admin.resources.AnErroMessageIsDisplayedWhenAResourceWithoutNameIsAdded@1c1e1e7]" name="ResourceWithoutNameIsAdded" class="org.room.manager.tests.admin.resources.AnErroMessageIsDisplayedWhenAResourceWithoutNameIsAdded"/>
        <method signature="CreateResourceTest.CreateResource()[pri:0, instance:org.room.manager.tests.admin.resources.CreateResourceTest@fbf107]" name="CreateResource" class="org.room.manager.tests.admin.resources.CreateResourceTest"/>
        <method signature="VerifyDeleteResource.DeleteResource()[pri:0, instance:org.room.manager.tests.admin.resources.VerifyDeleteResource@1d62a85]" name="DeleteResource" class="org.room.manager.tests.admin.resources.VerifyDeleteResource"/>
        <method signature="VerifyUpdateResource.UpdateResource()[pri:0, instance:org.room.manager.tests.admin.resources.VerifyUpdateResource@181aed0]" name="UpdateResource" class="org.room.manager.tests.admin.resources.VerifyUpdateResource"/>
      </group> <!-- ACCEPTANCE -->
    </groups>
    <test name="RoomManager" duration-ms="26360" started-at="2015-06-19T22:43:46Z" finished-at="2015-06-19T22:44:12Z">
      <class name="org.room.manager.tests.admin.resources.VerifyDeleteResource">
        <test-method status="PASS" signature="DeleteResource()[pri:0, instance:org.room.manager.tests.admin.resources.VerifyDeleteResource@1d62a85]" name="DeleteResource" duration-ms="6423" started-at="2015-06-19T18:44:06Z" finished-at="2015-06-19T18:44:12Z">
          <reporter-output>
          </reporter-output>
        </test-method> <!-- DeleteResource -->
      </class> <!-- org.room.manager.tests.admin.resources.VerifyDeleteResource -->
      <class name="org.room.manager.tests.admin.resources.AnErroMessageIsDisplayedWhenAResourceWithoutNameIsAdded">
        <test-method status="PASS" signature="setUp()[pri:0, instance:org.room.manager.tests.admin.resources.AnErroMessageIsDisplayedWhenAResourceWithoutNameIsAdded@1c1e1e7]" name="setUp" is-config="true" duration-ms="12955" started-at="2015-06-19T18:43:31Z" finished-at="2015-06-19T18:43:44Z">
          <reporter-output>
          </reporter-output>
        </test-method> <!-- setUp -->
        <test-method status="PASS" signature="setUp()[pri:0, instance:org.room.manager.tests.admin.resources.CreateResourceTest@fbf107]" name="setUp" is-config="true" duration-ms="1" started-at="2015-06-19T18:43:44Z" finished-at="2015-06-19T18:43:44Z">
          <reporter-output>
          </reporter-output>
        </test-method> <!-- setUp -->
        <test-method status="PASS" signature="setUp()[pri:0, instance:org.room.manager.tests.admin.resources.VerifyDeleteResource@1d62a85]" name="setUp" is-config="true" duration-ms="1306" started-at="2015-06-19T18:43:44Z" finished-at="2015-06-19T18:43:45Z">
          <reporter-output>
          </reporter-output>
        </test-method> <!-- setUp -->
        <test-method status="PASS" signature="setUp()[pri:0, instance:org.room.manager.tests.admin.resources.VerifyUpdateResource@181aed0]" name="setUp" is-config="true" duration-ms="292" started-at="2015-06-19T18:43:45Z" finished-at="2015-06-19T18:43:46Z">
          <reporter-output>
          </reporter-output>
        </test-method> <!-- setUp -->
        <test-method status="PASS" signature="ResourceWithoutNameIsAdded()[pri:0, instance:org.room.manager.tests.admin.resources.AnErroMessageIsDisplayedWhenAResourceWithoutNameIsAdded@1c1e1e7]" name="ResourceWithoutNameIsAdded" duration-ms="3911" started-at="2015-06-19T18:44:02Z" finished-at="2015-06-19T18:44:06Z">
          <reporter-output>
          </reporter-output>
        </test-method> <!-- ResourceWithoutNameIsAdded -->
        <test-method status="PASS" signature="tearDown()[pri:0, instance:org.room.manager.tests.admin.resources.AnErroMessageIsDisplayedWhenAResourceWithoutNameIsAdded@1c1e1e7]" name="tearDown" is-config="true" duration-ms="1452" started-at="2015-06-19T18:44:12Z" finished-at="2015-06-19T18:44:14Z">
          <reporter-output>
          </reporter-output>
        </test-method> <!-- tearDown -->
        <test-method status="PASS" signature="tearDown()[pri:0, instance:org.room.manager.tests.admin.resources.CreateResourceTest@fbf107]" name="tearDown" is-config="true" duration-ms="58" started-at="2015-06-19T18:44:14Z" finished-at="2015-06-19T18:44:14Z">
          <reporter-output>
          </reporter-output>
        </test-method> <!-- tearDown -->
        <test-method status="PASS" signature="tearDown()[pri:0, instance:org.room.manager.tests.admin.resources.VerifyUpdateResource@181aed0]" name="tearDown" is-config="true" duration-ms="146" started-at="2015-06-19T18:44:14Z" finished-at="2015-06-19T18:44:14Z">
          <reporter-output>
          </reporter-output>
        </test-method> <!-- tearDown -->
        <test-method status="PASS" signature="tearDown()[pri:0, instance:org.room.manager.tests.admin.resources.VerifyDeleteResource@1d62a85]" name="tearDown" is-config="true" duration-ms="0" started-at="2015-06-19T18:44:14Z" finished-at="2015-06-19T18:44:14Z">
          <reporter-output>
          </reporter-output>
        </test-method> <!-- tearDown -->
      </class> <!-- org.room.manager.tests.admin.resources.AnErroMessageIsDisplayedWhenAResourceWithoutNameIsAdded -->
      <class name="org.room.manager.tests.admin.resources.CreateResourceTest">
        <test-method status="PASS" signature="CreateResource()[pri:0, instance:org.room.manager.tests.admin.resources.CreateResourceTest@fbf107]" name="CreateResource" duration-ms="11862" started-at="2015-06-19T18:43:46Z" finished-at="2015-06-19T18:43:58Z">
          <reporter-output>
          </reporter-output>
        </test-method> <!-- CreateResource -->
      </class> <!-- org.room.manager.tests.admin.resources.CreateResourceTest -->
      <class name="org.room.manager.tests.admin.resources.VerifyUpdateResource">
        <test-method status="PASS" signature="UpdateResource()[pri:0, instance:org.room.manager.tests.admin.resources.VerifyUpdateResource@181aed0]" name="UpdateResource" duration-ms="4157" started-at="2015-06-19T18:43:58Z" finished-at="2015-06-19T18:44:02Z">
          <reporter-output>
          </reporter-output>
        </test-method> <!-- UpdateResource -->
      </class> <!-- org.room.manager.tests.admin.resources.VerifyUpdateResource -->
    </test> <!-- RoomManager -->
  </suite> <!-- Resources_Test_Suite -->
</testng-results>
