<?xml version="1.0" encoding="UTF-8"?>
<testng-results skipped="0" failed="0" total="4" passed="4">
  <reporter-output>
  </reporter-output>
  <suite name="Resources_Test_Suite" duration-ms="61121" started-at="2015-06-17T22:57:58Z" finished-at="2015-06-17T22:59:00Z">
    <groups>
      <group name="ACCEPTANCE">
        <method signature="AnErroMessageIsDisplayedWhenAResourceWithoutNameIsAdded.ResourceWithoutNameIsAdded()[pri:0, instance:org.room.manager.tests.admin.resources.AnErroMessageIsDisplayedWhenAResourceWithoutNameIsAdded@9789ee]" name="ResourceWithoutNameIsAdded" class="org.room.manager.tests.admin.resources.AnErroMessageIsDisplayedWhenAResourceWithoutNameIsAdded"/>
        <method signature="CreateResourceTest.CreateResource()[pri:0, instance:org.room.manager.tests.admin.resources.CreateResourceTest@67506f]" name="CreateResource" class="org.room.manager.tests.admin.resources.CreateResourceTest"/>
        <method signature="VerifyDeleteResource.UpdateResource()[pri:0, instance:org.room.manager.tests.admin.resources.VerifyDeleteResource@1293541]" name="UpdateResource" class="org.room.manager.tests.admin.resources.VerifyDeleteResource"/>
        <method signature="VerifyUpdateResource.UpdateResource()[pri:0, instance:org.room.manager.tests.admin.resources.VerifyUpdateResource@d1dbef]" name="UpdateResource" class="org.room.manager.tests.admin.resources.VerifyUpdateResource"/>
      </group> <!-- ACCEPTANCE -->
    </groups>
    <test name="RoomManager" duration-ms="61121" started-at="2015-06-17T22:57:58Z" finished-at="2015-06-17T22:59:00Z">
      <class name="org.room.manager.tests.admin.resources.VerifyDeleteResource">
        <test-method status="PASS" signature="UpdateResource()[pri:0, instance:org.room.manager.tests.admin.resources.VerifyDeleteResource@1293541]" name="UpdateResource" duration-ms="45492" started-at="2015-06-17T18:58:14Z" finished-at="2015-06-17T18:59:00Z">
          <reporter-output>
          </reporter-output>
        </test-method> <!-- UpdateResource -->
      </class> <!-- org.room.manager.tests.admin.resources.VerifyDeleteResource -->
      <class name="org.room.manager.tests.admin.resources.AnErroMessageIsDisplayedWhenAResourceWithoutNameIsAdded">
        <test-method status="PASS" signature="setUp()[pri:0, instance:org.room.manager.tests.admin.resources.AnErroMessageIsDisplayedWhenAResourceWithoutNameIsAdded@9789ee]" name="setUp" is-config="true" duration-ms="16" started-at="2015-06-17T18:57:58Z" finished-at="2015-06-17T18:57:58Z">
          <reporter-output>
          </reporter-output>
        </test-method> <!-- setUp -->
        <test-method status="PASS" signature="setUp()[pri:0, instance:org.room.manager.tests.admin.resources.CreateResourceTest@67506f]" name="setUp" is-config="true" duration-ms="0" started-at="2015-06-17T18:57:58Z" finished-at="2015-06-17T18:57:58Z">
          <reporter-output>
          </reporter-output>
        </test-method> <!-- setUp -->
        <test-method status="PASS" signature="setUp()[pri:0, instance:org.room.manager.tests.admin.resources.VerifyDeleteResource@1293541]" name="setUp" is-config="true" duration-ms="47" started-at="2015-06-17T18:57:58Z" finished-at="2015-06-17T18:57:58Z">
          <reporter-output>
          </reporter-output>
        </test-method> <!-- setUp -->
        <test-method status="PASS" signature="setUp()[pri:0, instance:org.room.manager.tests.admin.resources.VerifyUpdateResource@d1dbef]" name="setUp" is-config="true" duration-ms="267" started-at="2015-06-17T18:57:58Z" finished-at="2015-06-17T18:57:58Z">
          <reporter-output>
          </reporter-output>
        </test-method> <!-- setUp -->
        <test-method status="PASS" signature="ResourceWithoutNameIsAdded()[pri:0, instance:org.room.manager.tests.admin.resources.AnErroMessageIsDisplayedWhenAResourceWithoutNameIsAdded@9789ee]" name="ResourceWithoutNameIsAdded" duration-ms="3674" started-at="2015-06-17T18:58:10Z" finished-at="2015-06-17T18:58:14Z">
          <reporter-output>
          </reporter-output>
        </test-method> <!-- ResourceWithoutNameIsAdded -->
        <test-method status="PASS" signature="tearDown()[pri:0, instance:org.room.manager.tests.admin.resources.AnErroMessageIsDisplayedWhenAResourceWithoutNameIsAdded@9789ee]" name="tearDown" is-config="true" duration-ms="1468" started-at="2015-06-17T18:59:00Z" finished-at="2015-06-17T18:59:01Z">
          <reporter-output>
          </reporter-output>
        </test-method> <!-- tearDown -->
        <test-method status="PASS" signature="tearDown()[pri:0, instance:org.room.manager.tests.admin.resources.CreateResourceTest@67506f]" name="tearDown" is-config="true" duration-ms="78" started-at="2015-06-17T18:59:01Z" finished-at="2015-06-17T18:59:01Z">
          <reporter-output>
          </reporter-output>
        </test-method> <!-- tearDown -->
        <test-method status="PASS" signature="tearDown()[pri:0, instance:org.room.manager.tests.admin.resources.VerifyDeleteResource@1293541]" name="tearDown" is-config="true" duration-ms="0" started-at="2015-06-17T18:59:01Z" finished-at="2015-06-17T18:59:01Z">
          <reporter-output>
          </reporter-output>
        </test-method> <!-- tearDown -->
        <test-method status="PASS" signature="tearDown()[pri:0, instance:org.room.manager.tests.admin.resources.VerifyUpdateResource@d1dbef]" name="tearDown" is-config="true" duration-ms="47" started-at="2015-06-17T18:59:01Z" finished-at="2015-06-17T18:59:01Z">
          <reporter-output>
          </reporter-output>
        </test-method> <!-- tearDown -->
      </class> <!-- org.room.manager.tests.admin.resources.AnErroMessageIsDisplayedWhenAResourceWithoutNameIsAdded -->
      <class name="org.room.manager.tests.admin.resources.CreateResourceTest">
        <test-method status="PASS" signature="CreateResource()[pri:0, instance:org.room.manager.tests.admin.resources.CreateResourceTest@67506f]" name="CreateResource" duration-ms="8041" started-at="2015-06-17T18:57:58Z" finished-at="2015-06-17T18:58:07Z">
          <reporter-output>
          </reporter-output>
        </test-method> <!-- CreateResource -->
      </class> <!-- org.room.manager.tests.admin.resources.CreateResourceTest -->
      <class name="org.room.manager.tests.admin.resources.VerifyUpdateResource">
        <test-method status="PASS" signature="UpdateResource()[pri:0, instance:org.room.manager.tests.admin.resources.VerifyUpdateResource@d1dbef]" name="UpdateResource" duration-ms="3828" started-at="2015-06-17T18:58:07Z" finished-at="2015-06-17T18:58:10Z">
          <reporter-output>
          </reporter-output>
        </test-method> <!-- UpdateResource -->
      </class> <!-- org.room.manager.tests.admin.resources.VerifyUpdateResource -->
    </test> <!-- RoomManager -->
  </suite> <!-- Resources_Test_Suite -->
</testng-results>
