<?xml version="1.0" encoding="UTF-8"?>
<testng-results skipped="0" failed="0" total="2" passed="2">
  <reporter-output>
  </reporter-output>
  <suite name="Resources_Test_Suite" duration-ms="11750" started-at="2015-06-15T14:49:16Z" finished-at="2015-06-15T14:49:28Z">
    <groups>
    </groups>
    <test name="RoomManager" duration-ms="11750" started-at="2015-06-15T14:49:16Z" finished-at="2015-06-15T14:49:28Z">
      <class name="org.room.manager.tests.admin.resources.AnErroMessageIsDisplayedWhenAResourceWithoutNameIsAdded">
        <test-method status="PASS" signature="setUp()[pri:0, instance:org.room.manager.tests.admin.resources.AnErroMessageIsDisplayedWhenAResourceWithoutNameIsAdded@3cb948]" name="setUp" is-config="true" duration-ms="41" started-at="2015-06-15T10:49:16Z" finished-at="2015-06-15T10:49:16Z">
          <reporter-output>
          </reporter-output>
        </test-method> <!-- setUp -->
        <test-method status="PASS" signature="setUp()[pri:0, instance:org.room.manager.tests.admin.resources.CreateResourceTest@1ac539d]" name="setUp" is-config="true" duration-ms="10" started-at="2015-06-15T10:49:16Z" finished-at="2015-06-15T10:49:16Z">
          <reporter-output>
          </reporter-output>
        </test-method> <!-- setUp -->
        <test-method status="PASS" signature="ResourceWithoutNameIsAdded()[pri:0, instance:org.room.manager.tests.admin.resources.AnErroMessageIsDisplayedWhenAResourceWithoutNameIsAdded@3cb948]" name="ResourceWithoutNameIsAdded" duration-ms="7001" started-at="2015-06-15T10:49:17Z" finished-at="2015-06-15T10:49:24Z">
          <reporter-output>
          </reporter-output>
        </test-method> <!-- ResourceWithoutNameIsAdded -->
        <test-method status="PASS" signature="tearDown()[pri:0, instance:org.room.manager.tests.admin.resources.AnErroMessageIsDisplayedWhenAResourceWithoutNameIsAdded@3cb948]" name="tearDown" is-config="true" duration-ms="1236" started-at="2015-06-15T10:49:28Z" finished-at="2015-06-15T10:49:30Z">
          <reporter-output>
          </reporter-output>
        </test-method> <!-- tearDown -->
        <test-method status="PASS" signature="tearDown()[pri:0, instance:org.room.manager.tests.admin.resources.CreateResourceTest@1ac539d]" name="tearDown" is-config="true" duration-ms="105" started-at="2015-06-15T10:49:30Z" finished-at="2015-06-15T10:49:30Z">
          <reporter-output>
          </reporter-output>
        </test-method> <!-- tearDown -->
      </class> <!-- org.room.manager.tests.admin.resources.AnErroMessageIsDisplayedWhenAResourceWithoutNameIsAdded -->
      <class name="org.room.manager.tests.admin.resources.CreateResourceTest">
        <test-method status="PASS" signature="CreateResource()[pri:0, instance:org.room.manager.tests.admin.resources.CreateResourceTest@1ac539d]" name="CreateResource" duration-ms="4721" started-at="2015-06-15T10:49:24Z" finished-at="2015-06-15T10:49:28Z">
          <reporter-output>
          </reporter-output>
        </test-method> <!-- CreateResource -->
      </class> <!-- org.room.manager.tests.admin.resources.CreateResourceTest -->
    </test> <!-- RoomManager -->
  </suite> <!-- Resources_Test_Suite -->
</testng-results>
