<?xml version="1.0" encoding="UTF-8"?>
<testng-results skipped="0" failed="0" total="1" passed="1">
  <reporter-output>
  </reporter-output>
  <suite name="EmailServer_Test_Suite" duration-ms="17745" started-at="2015-06-11T20:42:25Z" finished-at="2015-06-11T20:42:42Z">
    <groups>
    </groups>
    <test name="RoomManager" duration-ms="17745" started-at="2015-06-11T20:42:25Z" finished-at="2015-06-11T20:42:42Z">
      <class name="org.room.manager.tests.admin.emailserver.AddEmailServerToRoomManager">
        <test-method status="PASS" signature="setUp()[pri:0, instance:org.room.manager.tests.admin.emailserver.AddEmailServerToRoomManager@19b8858]" name="setUp" is-config="true" duration-ms="3210" started-at="2015-06-11T16:42:25Z" finished-at="2015-06-11T16:42:28Z">
          <reporter-output>
          </reporter-output>
        </test-method> <!-- setUp -->
        <test-method status="PASS" signature="registerEmailService()[pri:0, instance:org.room.manager.tests.admin.emailserver.AddEmailServerToRoomManager@19b8858]" name="registerEmailService" duration-ms="13185" started-at="2015-06-11T16:42:28Z" finished-at="2015-06-11T16:42:41Z">
          <reporter-output>
          </reporter-output>
        </test-method> <!-- registerEmailService -->
        <test-method status="PASS" signature="tearDown()[pri:0, instance:org.room.manager.tests.admin.emailserver.AddEmailServerToRoomManager@19b8858]" name="tearDown" is-config="true" duration-ms="1323" started-at="2015-06-11T16:42:41Z" finished-at="2015-06-11T16:42:42Z">
          <reporter-output>
          </reporter-output>
        </test-method> <!-- tearDown -->
      </class> <!-- org.room.manager.tests.admin.emailserver.AddEmailServerToRoomManager -->
    </test> <!-- RoomManager -->
  </suite> <!-- EmailServer_Test_Suite -->
</testng-results>
