<?xml version="1.0" encoding="UTF-8"?>
<!-- Generated by org.testng.reporters.JUnitXMLReporter -->
<testsuite hostname="VDQADEV01-NNDUU" name="RoomManager" tests="4" failures="1" timestamp="19 Jun 2015 22:15:04 GMT" time="28.493" errors="0">
  <testcase name="CreateResource" time="13.665" classname="org.room.manager.tests.admin.resources.CreateResourceTest">
    <failure type="org.openqa.selenium.StaleElementReferenceException" message="stale element reference: element is not attached to the page document
  (Session info: chrome=40.0.2214.111)
  (Driver info: chromedriver=2.14.313457 (3d645c400edf2e2c500566c9aa096063e707c9cf),platform=Windows NT 6.3 x86_64) (WARNING: The server did not provide any stacktrace information)
Command duration or timeout: 25 milliseconds
For documentation on this error, please visit: http://seleniumhq.org/exceptions/stale_element_reference.html
Build info: version: &amp;apos;2.44.0&amp;apos;, revision: &amp;apos;76d78cf&amp;apos;, time: &amp;apos;2014-10-23 20:03:00&amp;apos;
System info: host: &amp;apos;VDQADEV01-NNDUU&amp;apos;, ip: &amp;apos;172.20.200.215&amp;apos;, os.name: &amp;apos;Windows Server 2012 R2&amp;apos;, os.arch: &amp;apos;x86&amp;apos;, os.version: &amp;apos;6.3&amp;apos;, java.version: &amp;apos;1.7.0_80-ea&amp;apos;
Session ID: 92f06b21750b69f2bfda376dd9922614
Driver info: org.openqa.selenium.chrome.ChromeDriver
Capabilities [{platform=WIN8_1, acceptSslCerts=true, javascriptEnabled=true, browserName=chrome, chrome={userDataDir=C:\Users\MILENC~1\AppData\Local\Temp\2\scoped_dir28016_23121}, rotatable=false, locationContextEnabled=true, mobileEmulationEnabled=false, version=40.0.2214.111, takesHeapSnapshot=true, cssSelectorsEnabled=true, databaseEnabled=false, handlesAlerts=true, browserConnectionEnabled=false, webStorageEnabled=true, nativeEvents=true, applicationCacheEnabled=false, takesScreenshot=true}]">
      <![CDATA[org.openqa.selenium.StaleElementReferenceException: stale element reference: element is not attached to the page document
  (Session info: chrome=40.0.2214.111)
  (Driver info: chromedriver=2.14.313457 (3d645c400edf2e2c500566c9aa096063e707c9cf),platform=Windows NT 6.3 x86_64) (WARNING: The server did not provide any stacktrace information)
Command duration or timeout: 25 milliseconds
For documentation on this error, please visit: http://seleniumhq.org/exceptions/stale_element_reference.html
Build info: version: '2.44.0', revision: '76d78cf', time: '2014-10-23 20:03:00'
System info: host: 'VDQADEV01-NNDUU', ip: '172.20.200.215', os.name: 'Windows Server 2012 R2', os.arch: 'x86', os.version: '6.3', java.version: '1.7.0_80-ea'
Session ID: 92f06b21750b69f2bfda376dd9922614
Driver info: org.openqa.selenium.chrome.ChromeDriver
Capabilities [{platform=WIN8_1, acceptSslCerts=true, javascriptEnabled=true, browserName=chrome, chrome={userDataDir=C:\Users\MILENC~1\AppData\Local\Temp\2\scoped_dir28016_23121}, rotatable=false, locationContextEnabled=true, mobileEmulationEnabled=false, version=40.0.2214.111, takesHeapSnapshot=true, cssSelectorsEnabled=true, databaseEnabled=false, handlesAlerts=true, browserConnectionEnabled=false, webStorageEnabled=true, nativeEvents=true, applicationCacheEnabled=false, takesScreenshot=true}]
	at org.openqa.selenium.remote.ErrorHandler.createThrowable(ErrorHandler.java:204)
	at org.openqa.selenium.remote.ErrorHandler.throwIfResponseFailed(ErrorHandler.java:156)
	at org.openqa.selenium.remote.RemoteWebDriver.execute(RemoteWebDriver.java:599)
	at org.openqa.selenium.remote.RemoteWebElement.execute(RemoteWebElement.java:268)
	at org.openqa.selenium.remote.RemoteWebElement.findElements(RemoteWebElement.java:187)
	at org.openqa.selenium.remote.RemoteWebElement.findElementsByXPath(RemoteWebElement.java:248)
	at org.openqa.selenium.By$ByXPath.findElements(By.java:352)
	at org.openqa.selenium.remote.RemoteWebElement.findElements(RemoteWebElement.java:163)
	at org.room.manager.pages.admin.resources.ResourcePage.getResource(ResourcePage.java:66)
	at org.room.manager.pages.admin.resources.ResourcePage.getResourceName(ResourcePage.java:129)
	at org.room.manager.tests.admin.resources.CreateResourceTest.CreateResource(CreateResourceTest.java:40)
... Removed 28 stack frames]]>
    </failure>
  </testcase> <!-- CreateResource -->
  <testcase name="UpdateResource" time="5.465" classname="org.room.manager.tests.admin.resources.VerifyUpdateResource"/>
  <testcase name="ResourceWithoutNameIsAdded" time="4.315" classname="org.room.manager.tests.admin.resources.AnErroMessageIsDisplayedWhenAResourceWithoutNameIsAdded"/>
  <testcase name="DeleteResource" time="5.046" classname="org.room.manager.tests.admin.resources.VerifyDeleteResource"/>
</testsuite> <!-- RoomManager -->
